<?xml version="1.0" encoding="UTF-8"?>
<testng-results ignored="0" total="2" passed="1" failed="1" skipped="0">
  <reporter-output>
  </reporter-output>
  <suite started-at="2026-02-28T14:31:47 ICT" name="Surefire suite" finished-at="2026-02-28T14:32:15 ICT" duration-ms="27423">
    <groups>
    </groups>
    <test started-at="2026-02-28T14:31:47 ICT" name="Surefire test" finished-at="2026-02-28T14:32:15 ICT" duration-ms="27423">
      <class name="com.automation.ui.LoginTest">
        <test-method is-config="true" signature="setUp()[pri:0, instance:com.automation.ui.LoginTest@bc09d57]" started-at="2026-02-28T14:31:47 ICT" name="setUp" finished-at="2026-02-28T14:31:49 ICT" duration-ms="1974" status="PASS">
          <reporter-output>
          </reporter-output>
        </test-method> <!-- setUp -->
        <test-method is-config="true" signature="initPage()[pri:0, instance:com.automation.ui.LoginTest@bc09d57]" started-at="2026-02-28T14:31:49 ICT" name="initPage" finished-at="2026-02-28T14:31:54 ICT" duration-ms="4872" status="PASS">
          <reporter-output>
          </reporter-output>
        </test-method> <!-- initPage -->
        <test-method signature="testLoginPageDisplayed()[pri:0, instance:com.automation.ui.LoginTest@bc09d57]" started-at="2026-02-28T14:31:54 ICT" name="testLoginPageDisplayed" description="Login page is displayed correctly" finished-at="2026-02-28T14:31:56 ICT" duration-ms="1316" status="PASS">
          <reporter-output>
          </reporter-output>
        </test-method> <!-- testLoginPageDisplayed -->
        <test-method is-config="true" signature="tearDown()[pri:0, instance:com.automation.ui.LoginTest@bc09d57]" started-at="2026-02-28T14:31:56 ICT" name="tearDown" finished-at="2026-02-28T14:31:56 ICT" duration-ms="143" status="PASS">
          <reporter-output>
          </reporter-output>
        </test-method> <!-- tearDown -->
        <test-method is-config="true" signature="setUp()[pri:0, instance:com.automation.ui.LoginTest@bc09d57]" started-at="2026-02-28T14:31:56 ICT" name="setUp" finished-at="2026-02-28T14:31:57 ICT" duration-ms="834" status="PASS">
          <reporter-output>
          </reporter-output>
        </test-method> <!-- setUp -->
        <test-method is-config="true" signature="initPage()[pri:0, instance:com.automation.ui.LoginTest@bc09d57]" started-at="2026-02-28T14:31:57 ICT" name="initPage" finished-at="2026-02-28T14:31:59 ICT" duration-ms="2905" status="PASS">
          <reporter-output>
          </reporter-output>
        </test-method> <!-- initPage -->
        <test-method signature="testValidLogin()[pri:0, instance:com.automation.ui.LoginTest@bc09d57]" started-at="2026-02-28T14:31:59 ICT" name="testValidLogin" description="Valid login with correct credentials" finished-at="2026-02-28T14:32:13 ICT" duration-ms="13458" status="FAIL">
          <exception class="java.lang.AssertionError">
            <message>
              <![CDATA[[Home page should be displayed after login] 
Expecting value to be true but was false]]>
            </message>
            <full-stacktrace>
              <![CDATA[java.lang.AssertionError: [Home page should be displayed after login] 
Expecting value to be true but was false
at com.automation.ui.LoginTest.testValidLogin(LoginTest.java:36)
at java.base/jdk.internal.reflect.DirectMethodHandleAccessor.invoke(DirectMethodHandleAccessor.java:103)
at java.base/java.lang.reflect.Method.invoke(Method.java:580)
at org.testng.internal.invokers.MethodInvocationHelper.invokeMethod(MethodInvocationHelper.java:141)
at org.testng.internal.invokers.TestInvoker.invokeMethod(TestInvoker.java:697)
at org.testng.internal.invokers.TestInvoker.invokeTestMethod(TestInvoker.java:230)
at org.testng.internal.invokers.MethodRunner.runInSequence(MethodRunner.java:63)
at org.testng.internal.invokers.TestInvoker$MethodInvocationAgent.invoke(TestInvoker.java:1005)
at org.testng.internal.invokers.TestInvoker.invokeTestMethods(TestInvoker.java:203)
at org.testng.internal.invokers.TestMethodWorker.invokeTestMethods(TestMethodWorker.java:154)
at org.testng.internal.invokers.TestMethodWorker.run(TestMethodWorker.java:134)
at java.base/java.util.ArrayList.forEach(ArrayList.java:1596)
at org.testng.TestRunner.privateRun(TestRunner.java:744)
at org.testng.TestRunner.run(TestRunner.java:616)
at org.testng.SuiteRunner.runTest(SuiteRunner.java:421)
at org.testng.SuiteRunner.runSequentially(SuiteRunner.java:413)
at org.testng.SuiteRunner.privateRun(SuiteRunner.java:373)
at org.testng.SuiteRunner.run(SuiteRunner.java:312)
at org.testng.SuiteRunnerWorker.runSuite(SuiteRunnerWorker.java:52)
at org.testng.SuiteRunnerWorker.run(SuiteRunnerWorker.java:95)
at org.testng.TestNG.runSuitesSequentially(TestNG.java:1274)
at org.testng.TestNG.runSuitesLocally(TestNG.java:1208)
at org.testng.TestNG.runSuites(TestNG.java:1112)
at org.testng.TestNG.run(TestNG.java:1079)
at org.apache.maven.surefire.testng.TestNGExecutor.run(TestNGExecutor.java:155)
at org.apache.maven.surefire.testng.TestNGDirectoryTestSuite.executeSingleClass(TestNGDirectoryTestSuite.java:102)
at org.apache.maven.surefire.testng.TestNGDirectoryTestSuite.execute(TestNGDirectoryTestSuite.java:91)
at org.apache.maven.surefire.testng.TestNGProvider.invoke(TestNGProvider.java:137)
at org.apache.maven.surefire.booter.ForkedBooter.runSuitesInProcess(ForkedBooter.java:385)
at org.apache.maven.surefire.booter.ForkedBooter.execute(ForkedBooter.java:162)
at org.apache.maven.surefire.booter.ForkedBooter.run(ForkedBooter.java:507)
at org.apache.maven.surefire.booter.ForkedBooter.main(ForkedBooter.java:495)
]]>
            </full-stacktrace>
          </exception> <!-- java.lang.AssertionError -->
          <reporter-output>
          </reporter-output>
        </test-method> <!-- testValidLogin -->
        <test-method is-config="true" signature="tearDown()[pri:0, instance:com.automation.ui.LoginTest@bc09d57]" started-at="2026-02-28T14:32:13 ICT" name="tearDown" finished-at="2026-02-28T14:32:15 ICT" duration-ms="1689" status="PASS">
          <reporter-output>
          </reporter-output>
        </test-method> <!-- tearDown -->
      </class> <!-- com.automation.ui.LoginTest -->
    </test> <!-- Surefire test -->
  </suite> <!-- Surefire suite -->
</testng-results>
