<?xml version="1.0" encoding="UTF-8"?>
<testsuite xmlns:xsi="http://www.w3.org/2001/XMLSchema-instance" xsi:noNamespaceSchemaLocation="https://maven.apache.org/surefire/maven-surefire-plugin/xsd/surefire-test-report.xsd" version="3.0.2" name="com.automation.ui.LoginTest" time="29.907" tests="2" errors="0" skipped="0" failures="1">
  <properties>
[...]
</properties>
  <testcase name="testLoginPageDisplayed" classname="com.automation.ui.LoginTest" time="1.327">
    <system-out><![CDATA[2026-02-28 14:31:47.872 [main] INFO  com.automation.base.BaseTest - Setting up WebDriver for thread: 1
2026-02-28 14:31:47.905 [main] INFO  com.automation.driver.DriverFactory - Creating CHROME driver (headless: true)
2026-02-28 14:31:48.322 [main] INFO  io.github.bonigarcia.wdm.WebDriverManager - Using chromedriver 145.0.7632.117 (resolved driver for Chrome 145)
2026-02-28 14:31:48.364 [main] INFO  io.github.bonigarcia.wdm.WebDriverManager - Exporting webdriver.chrome.driver as C:\Users\vohoa\.cache\selenium\chromedriver\win64\145.0.7632.117\chromedriver.exe
2026-02-28 14:31:49.895 [main] INFO  com.automation.pages.LoginPage - Navigating to: https://admin-dev.burgershop.io
]]></system-out>
  </testcase>
  <testcase name="testValidLogin" classname="com.automation.ui.LoginTest" time="13.466">
    <failure message="[Home page should be displayed after login] &#10;Expecting value to be true but was false" type="java.lang.AssertionError"><![CDATA[java.lang.AssertionError: 
[Home page should be displayed after login] 
Expecting value to be true but was false
	at com.automation.ui.LoginTest.testValidLogin(LoginTest.java:36)
	at java.base/jdk.internal.reflect.DirectMethodHandleAccessor.invoke(DirectMethodHandleAccessor.java:103)
	at java.base/java.lang.reflect.Method.invoke(Method.java:580)
	at org.testng.internal.invokers.MethodInvocationHelper.invokeMethod(MethodInvocationHelper.java:141)
	at org.testng.internal.invokers.TestInvoker.invokeMethod(TestInvoker.java:697)
	at org.testng.internal.invokers.TestInvoker.invokeTestMethod(TestInvoker.java:230)
	at org.testng.internal.invokers.MethodRunner.runInSequence(MethodRunner.java:63)
	at org.testng.internal.invokers.TestInvoker$MethodInvocationAgent.invoke(TestInvoker.java:1005)
	at org.testng.internal.invokers.TestInvoker.invokeTestMethods(TestInvoker.java:203)
	at org.testng.internal.invokers.TestMethodWorker.invokeTestMethods(TestMethodWorker.java:154)
	at org.testng.internal.invokers.TestMethodWorker.run(TestMethodWorker.java:134)
	at java.base/java.util.ArrayList.forEach(ArrayList.java:1596)
	at org.testng.TestRunner.privateRun(TestRunner.java:744)
	at org.testng.TestRunner.run(TestRunner.java:616)
	at org.testng.SuiteRunner.runTest(SuiteRunner.java:421)
	at org.testng.SuiteRunner.runSequentially(SuiteRunner.java:413)
	at org.testng.SuiteRunner.privateRun(SuiteRunner.java:373)
	at org.testng.SuiteRunner.run(SuiteRunner.java:312)
	at org.testng.SuiteRunnerWorker.runSuite(SuiteRunnerWorker.java:52)
	at org.testng.SuiteRunnerWorker.run(SuiteRunnerWorker.java:95)
	at org.testng.TestNG.runSuitesSequentially(TestNG.java:1274)
	at org.testng.TestNG.runSuitesLocally(TestNG.java:1208)
	at org.testng.TestNG.runSuites(TestNG.java:1112)
	at org.testng.TestNG.run(TestNG.java:1079)
	at org.apache.maven.surefire.testng.TestNGExecutor.run(TestNGExecutor.java:155)
	at org.apache.maven.surefire.testng.TestNGDirectoryTestSuite.executeSingleClass(TestNGDirectoryTestSuite.java:102)
	at org.apache.maven.surefire.testng.TestNGDirectoryTestSuite.execute(TestNGDirectoryTestSuite.java:91)
	at org.apache.maven.surefire.testng.TestNGProvider.invoke(TestNGProvider.java:137)
	at org.apache.maven.surefire.booter.ForkedBooter.runSuitesInProcess(ForkedBooter.java:385)
	at org.apache.maven.surefire.booter.ForkedBooter.execute(ForkedBooter.java:162)
	at org.apache.maven.surefire.booter.ForkedBooter.run(ForkedBooter.java:507)
	at org.apache.maven.surefire.booter.ForkedBooter.main(ForkedBooter.java:495)
]]></failure>
    <system-out><![CDATA[2026-02-28 14:31:56.066 [main] INFO  com.automation.base.BaseTest - Tearing down WebDriver for thread: 1
2026-02-28 14:31:56.212 [main] INFO  com.automation.base.BaseTest - Setting up WebDriver for thread: 1
2026-02-28 14:31:56.213 [main] INFO  com.automation.driver.DriverFactory - Creating CHROME driver (headless: true)
2026-02-28 14:31:56.230 [main] INFO  io.github.bonigarcia.wdm.WebDriverManager - Using chromedriver 145.0.7632.117 (resolved driver for Chrome 145)
2026-02-28 14:31:56.250 [main] INFO  io.github.bonigarcia.wdm.WebDriverManager - Exporting webdriver.chrome.driver as C:\Users\vohoa\.cache\selenium\chromedriver\win64\145.0.7632.117\chromedriver.exe
2026-02-28 14:31:57.048 [main] INFO  com.automation.pages.LoginPage - Navigating to: https://admin-dev.burgershop.io
2026-02-28 14:31:59.959 [main] INFO  com.automation.pages.LoginPage - Typing 'namvh@leadsgen.asia' into: By.cssSelector: input[type='email'], input[formcontrolname='email'], input[placeholder*='email' i]
2026-02-28 14:32:00.812 [main] INFO  com.automation.pages.LoginPage - Clicking on: By.xpath: //button[normalize-space()='Login' or normalize-space()='Log in' or normalize-space()='LOG IN']
2026-02-28 14:32:00.955 [main] INFO  com.automation.pages.LoginPage - Typing '2408122001Nam@' into: By.cssSelector: input[type='password'], input[formcontrolname='password'], input[placeholder*='password' i]
2026-02-28 14:32:02.110 [main] INFO  com.automation.pages.LoginPage - Clicking on: By.xpath: //button[normalize-space()='Continue' or normalize-space()='CONTINUE']
]]></system-out>
  </testcase>
</testsuite>