<?xml version="1.0" encoding="UTF-8"?>
<!-- Generated by org.testng.reporters.JUnitXMLReporter -->
<testsuite ignored="0" hostname="DESKTOP-52H6HS0" failures="1" tests="2" name="Surefire test" time="27.423" errors="0" timestamp="2026-02-28T14:32:15 ICT">
  <testcase classname="com.automation.ui.LoginTest" name="testLoginPageDisplayed" time="1.316"/>
  <testcase classname="com.automation.ui.LoginTest" name="testValidLogin" time="13.458">
    <failure type="java.lang.AssertionError" message="[Home page should be displayed after login] 
Expecting value to be true but was false">
      <![CDATA[java.lang.AssertionError: [Home page should be displayed after login] 
Expecting value to be true but was false
at com.automation.ui.LoginTest.testValidLogin(LoginTest.java:36)
at java.base/java.util.ArrayList.forEach(ArrayList.java:1596)
... Removed 30 stack frames]]>
    </failure>
  </testcase> <!-- testValidLogin -->
</testsuite> <!-- Surefire test -->
